<?xml version="1.0" encoding="UTF-8"?>
<!-- Generated by org.testng.reporters.JUnitXMLReporter -->
<testsuite ignored="0" hostname="DESKTOP-79M36C5" failures="0" tests="3" name="Default test" time="109.471" errors="0" timestamp="2025-11-20T13:30:17 IST">
  <testcase classname="FrameworkDesign.tests.Loginpage" name="submitorder" time="13.994"/>
  <testcase classname="FrameworkDesign.tests.Loginpage" name="submitorder" time="20.798"/>
  <testcase classname="FrameworkDesign.tests.Loginpage" name="OrderHistoryTest" time="7.188"/>
</testsuite> <!-- Default test -->
