<?xml version="1.0" encoding="UTF-8"?>
<!-- Generated by org.testng.reporters.JUnitXMLReporter -->
<testsuite ignored="1" hostname="DESKTOP-79M36C5" failures="0" tests="1" name="Error validationsTest" time="18.18" errors="0" timestamp="2025-11-25T22:32:54 IST">
  <testcase classname="FrameworkDesign.tests.ErrorValidations" name="LoginErrorValidation" time="1.417"/>
  <testcase classname="FrameworkDesign.tests.ErrorValidations" name="ProductErrorValidation" time="0.0">
    <ignored/>
  </testcase> <!-- ProductErrorValidation -->
</testsuite> <!-- Error validationsTest -->
