<?xml version="1.0" encoding="UTF-8"?>
<!-- Generated by org.testng.reporters.JUnitXMLReporter -->
<testsuite ignored="2" hostname="DESKTOP-79M36C5" failures="0" tests="0" time="0.073" errors="0" timestamp="2025-11-25T22:32:36 IST">
  <testcase classname="FrameworkDesign.tests.Loginpage" name="submitorder" time="0.0">
    <ignored/>
  </testcase> <!-- submitorder -->
  <testcase classname="FrameworkDesign.tests.Loginpage" name="OrderHistoryTest" time="0.0">
    <ignored/>
  </testcase> <!-- OrderHistoryTest -->
</testsuite>
