<?xml version="1.0" encoding="UTF-8"?>
<testng-results ignored="0" total="1" passed="1" failed="0" skipped="0">
  <reporter-output>
  </reporter-output>
  <suite started-at="2025-11-25T22:32:35 IST" name="Suite" finished-at="2025-11-25T22:32:54 IST" duration-ms="18180">
    <groups>
      <group name="ErrorHandling">
        <method signature="ErrorValidations.LoginErrorValidation()[pri:0, instance:FrameworkDesign.tests.ErrorValidations@782859e]" name="LoginErrorValidation" class="FrameworkDesign.tests.ErrorValidations"/>
      </group> <!-- ErrorHandling -->
    </groups>
    <test started-at="2025-11-25T22:32:35 IST" name="Login pageTest" finished-at="2025-11-25T22:32:36 IST" duration-ms="73">
    </test> <!-- Login pageTest -->
    <test started-at="2025-11-25T22:32:35 IST" name="Error validationsTest" finished-at="2025-11-25T22:32:54 IST" duration-ms="18180">
      <class name="FrameworkDesign.tests.ErrorValidations">
        <test-method is-config="true" signature="launchApplication()[pri:0, instance:FrameworkDesign.tests.ErrorValidations@782859e]" started-at="2025-11-25T22:32:36 IST" name="launchApplication" finished-at="2025-11-25T22:32:52 IST" duration-ms="15891" status="PASS">
          <reporter-output>
          </reporter-output>
        </test-method> <!-- launchApplication -->
        <test-method signature="LoginErrorValidation()[pri:0, instance:FrameworkDesign.tests.ErrorValidations@782859e]" started-at="2025-11-25T22:32:52 IST" name="LoginErrorValidation" finished-at="2025-11-25T22:32:53 IST" duration-ms="1417" status="PASS">
          <reporter-output>
          </reporter-output>
        </test-method> <!-- LoginErrorValidation -->
        <test-method is-config="true" signature="tearDown()[pri:0, instance:FrameworkDesign.tests.ErrorValidations@782859e]" started-at="2025-11-25T22:32:53 IST" name="tearDown" finished-at="2025-11-25T22:32:54 IST" duration-ms="601" status="PASS">
          <reporter-output>
          </reporter-output>
        </test-method> <!-- tearDown -->
      </class> <!-- FrameworkDesign.tests.ErrorValidations -->
    </test> <!-- Error validationsTest -->
  </suite> <!-- Suite -->
</testng-results>
