<?xml version="1.0" encoding="UTF-8"?>
<!-- Generated by org.testng.reporters.JUnitReportReporter -->
<testsuite hostname="DESKTOP-79M36C5" failures="0" tests="3" name="FrameworkDesign.tests.Loginpage" time="134.413" errors="0" timestamp="2025-11-25T21:51:41 IST" skipped="0">
  <testcase classname="FrameworkDesign.tests.Loginpage" name="submitorder" time="41.205"/>
  <testcase classname="FrameworkDesign.tests.Loginpage" name="OrderHistoryTest" time="25.893"/>
  <testcase classname="FrameworkDesign.tests.Loginpage" name="submitorder" time="67.315"/>
</testsuite> <!-- FrameworkDesign.tests.Loginpage -->
